[ 2024-11-19 12:42:15,075 ] 148 numexpr.utils - INFO - Note: NumExpr detected 12 cores but "NUMEXPR_MAX_THREADS" not set, so enforcing safe limit of 8.
[ 2024-11-19 12:42:15,075 ] 160 numexpr.utils - INFO - NumExpr defaulting to 8 threads.
[ 2024-11-19 12:42:17,131 ] 224 werkzeug - WARNING -  * Debugger is active!
[ 2024-11-19 12:42:17,140 ] 224 werkzeug - INFO -  * Debugger PIN: 379-281-516
[ 2024-11-19 12:42:21,017 ] 224 werkzeug - INFO - 127.0.0.1 - - [19/Nov/2024 12:42:21] "GET /predictdata HTTP/1.1" 200 -
[ 2024-11-19 12:42:37,142 ] 69 root - INFO - Creating a DataFrame from the input data
[ 2024-11-19 12:42:37,142 ] 25 root - INFO - Loading the model and preprocessor for prediction
[ 2024-11-19 12:42:37,311 ] 30 root - INFO - Model type: <class 'sklearn.linear_model._logistic.LogisticRegression'>
[ 2024-11-19 12:42:37,328 ] 31 root - INFO - Preprocessor type: <class 'sklearn.compose._column_transformer.ColumnTransformer'>
[ 2024-11-19 12:42:37,328 ] 34 root - INFO - Transforming features using the preprocessor
[ 2024-11-19 12:42:37,329 ] 38 root - INFO - Transformed data shape: (1, 20)
[ 2024-11-19 12:42:37,329 ] 41 root - INFO - Making predictions using the model
[ 2024-11-19 12:42:37,329 ] 45 root - INFO - Prediction: ['N']
[ 2024-11-19 12:42:37,337 ] 224 werkzeug - INFO - 127.0.0.1 - - [19/Nov/2024 12:42:37] "POST /predictdata HTTP/1.1" 200 -
[ 2024-11-19 12:43:03,619 ] 224 werkzeug - INFO -  * Detected change in 'D:\\RESUME ML PROJECTS\\Home Loan Approval\\app.py', reloading
[ 2024-11-19 12:43:03,619 ] 224 werkzeug - INFO -  * Detected change in 'd:\\resume ml projects\\home loan approval\\app.py', reloading
[ 2024-11-19 12:43:03,621 ] 224 werkzeug - INFO -  * Detected change in 'D:\\RESUME ML PROJECTS\\Home Loan Approval\\app.py', reloading
[ 2024-11-19 12:43:03,622 ] 224 werkzeug - INFO -  * Detected change in 'd:\\resume ml projects\\home loan approval\\app.py', reloading
[ 2024-11-19 12:43:03,623 ] 224 werkzeug - INFO -  * Detected change in 'D:\\RESUME ML PROJECTS\\Home Loan Approval\\app.py', reloading
[ 2024-11-19 12:43:03,623 ] 224 werkzeug - INFO -  * Detected change in 'd:\\resume ml projects\\home loan approval\\app.py', reloading
