[ 2024-11-19 12:31:21,236 ] 148 numexpr.utils - INFO - Note: NumExpr detected 12 cores but "NUMEXPR_MAX_THREADS" not set, so enforcing safe limit of 8.
[ 2024-11-19 12:31:21,243 ] 160 numexpr.utils - INFO - NumExpr defaulting to 8 threads.
[ 2024-11-19 12:31:21,244 ] 148 numexpr.utils - INFO - Note: NumExpr detected 12 cores but "NUMEXPR_MAX_THREADS" not set, so enforcing safe limit of 8.
[ 2024-11-19 12:31:21,244 ] 160 numexpr.utils - INFO - NumExpr defaulting to 8 threads.
[ 2024-11-19 12:31:21,405 ] 148 numexpr.utils - INFO - Note: NumExpr detected 12 cores but "NUMEXPR_MAX_THREADS" not set, so enforcing safe limit of 8.
[ 2024-11-19 12:31:21,408 ] 160 numexpr.utils - INFO - NumExpr defaulting to 8 threads.
[ 2024-11-19 12:31:23,408 ] 224 werkzeug - WARNING -  * Debugger is active!
[ 2024-11-19 12:31:23,412 ] 224 werkzeug - WARNING -  * Debugger is active!
[ 2024-11-19 12:31:23,414 ] 224 werkzeug - INFO -  * Debugger PIN: 379-281-516
[ 2024-11-19 12:31:23,422 ] 224 werkzeug - INFO -  * Debugger PIN: 379-281-516
[ 2024-11-19 12:31:23,516 ] 224 werkzeug - WARNING -  * Debugger is active!
[ 2024-11-19 12:31:23,521 ] 224 werkzeug - INFO -  * Debugger PIN: 379-281-516
[ 2024-11-19 12:31:25,195 ] 69 root - INFO - Creating a DataFrame from the input data
[ 2024-11-19 12:31:25,195 ] 25 root - INFO - Loading the model and preprocessor for prediction
[ 2024-11-19 12:31:25,351 ] 30 root - INFO - Model type: <class 'sklearn.linear_model._logistic.LogisticRegression'>
[ 2024-11-19 12:31:25,351 ] 31 root - INFO - Preprocessor type: <class 'sklearn.compose._column_transformer.ColumnTransformer'>
[ 2024-11-19 12:31:25,351 ] 34 root - INFO - Transforming features using the preprocessor
[ 2024-11-19 12:31:25,361 ] 38 root - INFO - Transformed data shape: (1, 20)
[ 2024-11-19 12:31:25,361 ] 41 root - INFO - Making predictions using the model
[ 2024-11-19 12:31:25,379 ] 224 werkzeug - INFO - 127.0.0.1 - - [19/Nov/2024 12:31:25] "[35m[1mPOST /predictdata HTTP/1.1[0m" 500 -
[ 2024-11-19 12:31:25,496 ] 224 werkzeug - INFO - 127.0.0.1 - - [19/Nov/2024 12:31:25] "[36mGET /predictdata?__debugger__=yes&cmd=resource&f=style.css HTTP/1.1[0m" 304 -
[ 2024-11-19 12:31:25,496 ] 224 werkzeug - INFO - 127.0.0.1 - - [19/Nov/2024 12:31:25] "[36mGET /predictdata?__debugger__=yes&cmd=resource&f=debugger.js HTTP/1.1[0m" 304 -
[ 2024-11-19 12:31:25,515 ] 224 werkzeug - INFO - 127.0.0.1 - - [19/Nov/2024 12:31:25] "[36mGET /predictdata?__debugger__=yes&cmd=resource&f=console.png HTTP/1.1[0m" 304 -
[ 2024-11-19 12:31:25,536 ] 224 werkzeug - INFO - 127.0.0.1 - - [19/Nov/2024 12:31:25] "[36mGET /predictdata?__debugger__=yes&cmd=resource&f=console.png HTTP/1.1[0m" 304 -
[ 2024-11-19 12:32:50,817 ] 224 werkzeug - INFO -  * Detected change in 'd:\\resume ml projects\\home loan approval\\src\\components\\model_training.py', reloading
[ 2024-11-19 12:32:50,818 ] 224 werkzeug - INFO -  * Detected change in 'D:\\RESUME ML PROJECTS\\Home Loan Approval\\src\\components\\model_training.py', reloading
[ 2024-11-19 12:32:50,821 ] 224 werkzeug - INFO -  * Detected change in 'D:\\RESUME ML PROJECTS\\Home Loan Approval\\src\\components\\model_training.py', reloading
[ 2024-11-19 12:32:50,821 ] 224 werkzeug - INFO -  * Detected change in 'D:\\RESUME ML PROJECTS\\Home Loan Approval\\src\\components\\model_training.py', reloading
[ 2024-11-19 12:32:50,825 ] 224 werkzeug - INFO -  * Detected change in 'd:\\resume ml projects\\home loan approval\\src\\components\\model_training.py', reloading
[ 2024-11-19 12:32:50,825 ] 224 werkzeug - INFO -  * Detected change in 'D:\\RESUME ML PROJECTS\\Home Loan Approval\\src\\components\\model_training.py', reloading
[ 2024-11-19 12:32:50,830 ] 224 werkzeug - INFO -  * Detected change in 'D:\\RESUME ML PROJECTS\\Home Loan Approval\\src\\components\\model_training.py', reloading
[ 2024-11-19 12:32:50,830 ] 224 werkzeug - INFO -  * Detected change in 'd:\\resume ml projects\\home loan approval\\src\\components\\model_training.py', reloading
[ 2024-11-19 12:32:50,830 ] 224 werkzeug - INFO -  * Detected change in 'D:\\RESUME ML PROJECTS\\Home Loan Approval\\src\\components\\model_training.py', reloading
[ 2024-11-19 12:32:50,830 ] 224 werkzeug - INFO -  * Detected change in 'd:\\resume ml projects\\home loan approval\\src\\components\\model_training.py', reloading
[ 2024-11-19 12:32:50,830 ] 224 werkzeug - INFO -  * Detected change in 'd:\\resume ml projects\\home loan approval\\src\\components\\model_training.py', reloading
[ 2024-11-19 12:32:50,830 ] 224 werkzeug - INFO -  * Detected change in 'D:\\RESUME ML PROJECTS\\Home Loan Approval\\src\\components\\model_training.py', reloading
[ 2024-11-19 12:32:50,830 ] 224 werkzeug - INFO -  * Detected change in 'd:\\resume ml projects\\home loan approval\\src\\components\\model_training.py', reloading
[ 2024-11-19 12:32:50,830 ] 224 werkzeug - INFO -  * Detected change in 'D:\\RESUME ML PROJECTS\\Home Loan Approval\\src\\components\\model_training.py', reloading
[ 2024-11-19 12:32:50,830 ] 224 werkzeug - INFO -  * Detected change in 'd:\\resume ml projects\\home loan approval\\src\\components\\model_training.py', reloading
[ 2024-11-19 12:32:50,830 ] 224 werkzeug - INFO -  * Detected change in 'd:\\resume ml projects\\home loan approval\\src\\components\\model_training.py', reloading
